<?xml version="1.0" encoding="UTF-8"?>
<testng-results skipped="0" failed="0" ignored="0" total="1" passed="1">
  <reporter-output>
  </reporter-output>
  <suite name="Default suite" duration-ms="763" started-at="2018-12-05T07:18:04Z" finished-at="2018-12-05T07:18:05Z">
    <groups>
    </groups>
    <test name="Default test" duration-ms="763" started-at="2018-12-05T07:18:04Z" finished-at="2018-12-05T07:18:05Z">
      <class name="com.monitor.dht_api.testlinks.ConnectTest">
        <test-method status="PASS" signature="connectTestlink()[pri:0, instance:com.monitor.dht_api.testlinks.ConnectTest@4cf777e8]" name="connectTestlink" duration-ms="731" started-at="2018-12-05T07:18:04Z" finished-at="2018-12-05T07:18:05Z">
          <reporter-output>
          </reporter-output>
        </test-method> <!-- connectTestlink -->
      </class> <!-- com.monitor.dht_api.testlinks.ConnectTest -->
    </test> <!-- Default test -->
  </suite> <!-- Default suite -->
</testng-results>
